<?xml version="1.0" encoding="UTF-8"?>
<!-- Generated by org.testng.reporters.JUnitReportReporter -->
<testsuite hostname="DESKTOP-FI8RHG9" failures="0" tests="1" name="testcases.HowToHandleDropDownNotCommingUnderSelect" time="56.585" errors="0" timestamp="2022-08-02T12:59:26 IST" skipped="0">
  <testcase classname="testcases.HowToHandleDropDownNotCommingUnderSelect" name="dropDown" time="56.585"/>
  <system-out/>
</testsuite> <!-- testcases.HowToHandleDropDownNotCommingUnderSelect -->
