<?xml version="1.0" encoding="UTF-8"?>
<!-- Generated by org.testng.reporters.JUnitReportReporter -->
<testsuite hostname="DESKTOP-FI8RHG9" failures="0" tests="1" name="testcases.HowToHandleMultipleWindows" time="61.343" errors="0" timestamp="2022-08-02T12:50:47 IST" skipped="0">
  <testcase classname="testcases.HowToHandleMultipleWindows" name="handleWindows" time="61.343"/>
  <system-out/>
</testsuite> <!-- testcases.HowToHandleMultipleWindows -->
